# JRE version: OpenJDK Runtime Environment (21.0.10) (build 21.0.10+-14961533-b1163.108)
# Java VM: OpenJDK 64-Bit Server VM (21.0.10+-14961533-b1163.108, mixed mode, tiered, compressed oops, compressed class ptrs, g1 gc, windows-amd64)
GC Precious Log:
 CardTable entry size: 512
 Card Set container configuration: InlinePtr #cards 5 size 8 Array Of Cards #cards 12 size 40 Howl #buckets 4 coarsen threshold 1843 Howl Bitmap #cards 512 size 80 coarsen threshold 460 Card regions per heap region 1 cards per card region 2048
 CPUs: 8 total, 8 available
 Memory: 7834M
 Large Page Support: Disabled
 NUMA Support: Disabled
 Compressed Oops: Enabled (32-bit)
 Heap Region Size: 1M
 Heap Min Capacity: 8M
 Heap Initial Capacity: 124M
 Heap Max Capacity: 1960M
 Pre-touch: Disabled
 Parallel Workers: 8
 Concurrent Workers: 2
 Concurrent Refinement Workers: 8
 Periodic GC: Disabled
Heap:
 garbage-first heap   total 56320K, used 31808K [0x0000000085800000, 0x0000000100000000)
  region size 1024K, 20 young (20480K), 2 survivors (2048K)
 Metaspace       used 27102K, committed 27392K, reserved 1114112K
  class space    used 3132K, committed 3264K, reserved 1048576K
GC Heap History (20 events):
Event: 1371.066 GC heap before
{Heap before GC invocations=3 (full 0):
 garbage-first heap   total 126976K, used 83316K [0x0000000085800000, 0x0000000100000000)
  region size 1024K, 74 young (75776K), 2 survivors (2048K)
 Metaspace       used 17345K, committed 17536K, reserved 1114112K
  class space    used 1789K, committed 1856K, reserved 1048576K
}
Event: 1371.070 GC heap after
{Heap after GC invocations=4 (full 0):
 garbage-first heap   total 126976K, used 9428K [0x0000000085800000, 0x0000000100000000)
  region size 1024K, 2 young (2048K), 2 survivors (2048K)
 Metaspace       used 17345K, committed 17536K, reserved 1114112K
  class space    used 1789K, committed 1856K, reserved 1048576K
}
Event: 1372.818 GC heap before
{Heap before GC invocations=4 (full 0):
 garbage-first heap   total 126976K, used 83156K [0x0000000085800000, 0x0000000100000000)
  region size 1024K, 74 young (75776K), 2 survivors (2048K)
 Metaspace       used 17345K, committed 17536K, reserved 1114112K
  class space    used 1789K, committed 1856K, reserved 1048576K
}
Event: 1372.821 GC heap after
{Heap after GC invocations=5 (full 0):
 garbage-first heap   total 126976K, used 9185K [0x0000000085800000, 0x0000000100000000)
  region size 1024K, 2 young (2048K), 2 survivors (2048K)
 Metaspace       used 17345K, committed 17536K, reserved 1114112K
  class space    used 1789K, committed 1856K, reserved 1048576K
}
Event: 1374.485 GC heap before
{Heap before GC invocations=5 (full 0):
 garbage-first heap   total 126976K, used 82913K [0x0000000085800000, 0x0000000100000000)
  region size 1024K, 74 young (75776K), 2 survivors (2048K)
 Metaspace       used 17347K, committed 17536K, reserved 1114112K
  class space    used 1789K, committed 1856K, reserved 1048576K
}
Event: 1374.488 GC heap after
{Heap after GC invocations=6 (full 0):
 garbage-first heap   total 126976K, used 9236K [0x0000000085800000, 0x0000000100000000)
  region size 1024K, 2 young (2048K), 2 survivors (2048K)
 Metaspace       used 17347K, committed 17536K, reserved 1114112K
  class space    used 1789K, committed 1856K, reserved 1048576K
}
Event: 1376.342 GC heap before
{Heap before GC invocations=6 (full 0):
 garbage-first heap   total 126976K, used 82964K [0x0000000085800000, 0x0000000100000000)
  region size 1024K, 74 young (75776K), 2 survivors (2048K)
 Metaspace       used 17348K, committed 17536K, reserved 1114112K
  class space    used 1789K, committed 1856K, reserved 1048576K
}
Event: 1376.345 GC heap after
{Heap after GC invocations=7 (full 0):
 garbage-first heap   total 126976K, used 9236K [0x0000000085800000, 0x0000000100000000)
  region size 1024K, 2 young (2048K), 2 survivors (2048K)
 Metaspace       used 17348K, committed 17536K, reserved 1114112K
  class space    used 1789K, committed 1856K, reserved 1048576K
}
Event: 1379.192 GC heap before
{Heap before GC invocations=7 (full 0):
 garbage-first heap   total 126976K, used 82964K [0x0000000085800000, 0x0000000100000000)
  region size 1024K, 74 young (75776K), 2 survivors (2048K)
 Metaspace       used 17348K, committed 17536K, reserved 1114112K
  class space    used 1789K, committed 1856K, reserved 1048576K
}
Event: 1379.196 GC heap after
{Heap after GC invocations=8 (full 0):
 garbage-first heap   total 126976K, used 9051K [0x0000000085800000, 0x0000000100000000)
  region size 1024K, 2 young (2048K), 2 survivors (2048K)
 Metaspace       used 17348K, committed 17536K, reserved 1114112K
  class space    used 1789K, committed 1856K, reserved 1048576K
}
Event: 1388.610 GC heap before
{Heap before GC invocations=8 (full 0):
 garbage-first heap   total 126976K, used 82779K [0x0000000085800000, 0x0000000100000000)
  region size 1024K, 74 young (75776K), 2 survivors (2048K)
 Metaspace       used 17773K, committed 17984K, reserved 1114112K
  class space    used 1836K, committed 1920K, reserved 1048576K
}
Event: 1388.612 GC heap after
{Heap after GC invocations=9 (full 0):
 garbage-first heap   total 126976K, used 4993K [0x0000000085800000, 0x0000000100000000)
  region size 1024K, 2 young (2048K), 2 survivors (2048K)
 Metaspace       used 17773K, committed 17984K, reserved 1114112K
  class space    used 1836K, committed 1920K, reserved 1048576K
}
Event: 1394.301 GC heap before
{Heap before GC invocations=9 (full 0):
 garbage-first heap   total 126976K, used 35713K [0x0000000085800000, 0x0000000100000000)
  region size 1024K, 30 young (30720K), 2 survivors (2048K)
 Metaspace       used 21334K, committed 21504K, reserved 1114112K
  class space    used 2378K, committed 2432K, reserved 1048576K
}
Event: 1394.306 GC heap after
{Heap after GC invocations=10 (full 0):
 garbage-first heap   total 126976K, used 13559K [0x0000000085800000, 0x0000000100000000)
  region size 1024K, 7 young (7168K), 7 survivors (7168K)
 Metaspace       used 21334K, committed 21504K, reserved 1114112K
  class space    used 2378K, committed 2432K, reserved 1048576K
}
Event: 1394.749 GC heap before
{Heap before GC invocations=11 (full 0):
 garbage-first heap   total 48128K, used 47351K [0x0000000085800000, 0x0000000100000000)
  region size 1024K, 40 young (40960K), 7 survivors (7168K)
 Metaspace       used 24461K, committed 24704K, reserved 1114112K
  class space    used 2883K, committed 3008K, reserved 1048576K
}
Event: 1394.754 GC heap after
{Heap after GC invocations=12 (full 0):
 garbage-first heap   total 56320K, used 14116K [0x0000000085800000, 0x0000000100000000)
  region size 1024K, 2 young (2048K), 2 survivors (2048K)
 Metaspace       used 24461K, committed 24704K, reserved 1114112K
  class space    used 2883K, committed 3008K, reserved 1048576K
}
Event: 1783.010 GC heap before
{Heap before GC invocations=12 (full 0):
 garbage-first heap   total 56320K, used 45860K [0x0000000085800000, 0x0000000100000000)
  region size 1024K, 33 young (33792K), 2 survivors (2048K)
 Metaspace       used 26362K, committed 26688K, reserved 1114112K
  class space    used 3061K, committed 3264K, reserved 1048576K
}
Event: 1783.052 GC heap after
{Heap after GC invocations=13 (full 0):
 garbage-first heap   total 56320K, used 14361K [0x0000000085800000, 0x0000000100000000)
  region size 1024K, 2 young (2048K), 2 survivors (2048K)
 Metaspace       used 26362K, committed 26688K, reserved 1114112K
  class space    used 3061K, committed 3264K, reserved 1048576K
}
Event: 2148.332 GC heap before
{Heap before GC invocations=13 (full 0):
 garbage-first heap   total 56320K, used 46105K [0x0000000085800000, 0x0000000100000000)
  region size 1024K, 33 young (33792K), 2 survivors (2048K)
 Metaspace       used 26576K, committed 26944K, reserved 1114112K
  class space    used 3084K, committed 3264K, reserved 1048576K
}
Event: 2148.357 GC heap after
{Heap after GC invocations=14 (full 0):
 garbage-first heap   total 56320K, used 14400K [0x0000000085800000, 0x0000000100000000)
  region size 1024K, 2 young (2048K), 2 survivors (2048K)
 Metaspace       used 26576K, committed 26944K, reserved 1114112K
  class space    used 3084K, committed 3264K, reserved 1048576K
}

